VirtualBox COM Server 5.2.6 r120293 win.amd64 (Jan 15 2018 14:58:38) release log
00:00:00.015002 main     Log opened 2018-02-16T14:31:33.416278600Z
00:00:00.015002 main     Build Type: release
00:00:00.015002 main     OS Product: Windows 10
00:00:00.015002 main     OS Release: 10.0.16299
00:00:00.015002 main     OS Service Pack: 
00:00:00.030629 main     DMI Product Name: 80SM
00:00:00.030629 main     DMI Product Version: Lenovo ideapad 310-15ISK
00:00:00.030629 main     Host RAM: 8071MB (7.8GB) total, 4018MB (3.9GB) available
00:00:00.030629 main     Executable: C:\Program Files\Oracle\VirtualBox\VBoxSVC.exe
00:00:00.030629 main     Process ID: 8324
00:00:00.030629 main     Package type: WINDOWS_64BITS_GENERIC
00:00:00.030629          VirtualBox: object creation starts
00:00:00.030629          Home directory: 'C:\Users\irene\.VirtualBox'
00:00:00.030629          Installed Drivers:
00:00:00.046257            C:\WINDOWS\system32\DRIVERS\VBoxNetLwf.sys (Version: 5.2.6.20293)
00:00:00.046257            C:\WINDOWS\system32\DRIVERS\VBoxUSBMon.sys (Version: 5.2.6.20293)
00:00:00.046257            C:\WINDOWS\system32\DRIVERS\VBoxDrv.sys (Version: 5.2.6.20293)
00:00:00.046257            C:\WINDOWS\system32\DRIVERS\VBoxNetAdp6.sys (Version: 5.2.6.20293)
00:00:00.046257          Loading settings file "C:\Users\irene\.VirtualBox\VirtualBox.xml" with version "1.12-windows"
00:00:00.046257          Getting USB descriptor failed with error 31
00:00:00.046257          Getting USB descriptor failed with error 31
00:00:00.046257          Getting USB descriptor failed with error 31
00:00:00.046257          USB: Unknown USB device detected (idVendor: 0x04f2, idProduct: 0xb579)
00:00:00.046257          USB: Unknown USB device detected (idVendor: 0x0cf3, idProduct: 0xe360)
00:00:00.249438          HostDnsMonitor: old information
00:00:00.249438            no server entries
00:00:00.249438            no domain set
00:00:00.249438            no search string entries
00:00:00.249438          HostDnsMonitor: new information
00:00:00.249438            server 1: 142.55.44.25
00:00:00.249438            server 2: 142.55.136.25
00:00:00.249438            server 3: 142.55.100.25
00:00:00.249438            domain: ddi.sheridanc.on.ca
00:00:00.249438            no search string entries
00:00:00.249438          HostDnsMonitorProxy::notify
00:00:00.296285          VD: VDInit finished with VINF_SUCCESS
00:00:00.296285          Loading settings file "C:\Users\irene\VirtualBox VMs\Ubuntu 16.04\Ubuntu 16.04.vbox" with version "1.16-windows"
00:00:00.296285          Loading settings file "C:\Users\irene\VirtualBox VMs\Kubuntu 16.04\Kubuntu 16.04.vbox" with version "1.16-windows"
00:00:00.296285          VirtualBox: object created
00:00:02.188962          Saving settings file "C:\Users\irene\.VirtualBox\VirtualBox.xml" with version "1.12-windows"
00:00:02.282716          Saving settings file "C:\Users\irene\.VirtualBox\VirtualBox.xml" with version "1.12-windows"
00:00:07.464208          ERROR [COM]: aRC=VBOX_E_OBJECT_NOT_FOUND (0x80bb0001) aIID={edba9d10-45d8-b440-1712-46ac0c9bc4c5} aComponent={ExtPackManagerWrap} aText={No extension pack by the name 'Oracle VM VirtualBox Extension Pack' was found}, preserve=false aResultDetail=0
00:00:07.717354          ERROR [COM]: aRC=VBOX_E_IPRT_ERROR (0x80bb0005) aIID={85cd948e-a71f-4289-281e-0ca7ad48cd89} aComponent={SessionMachine} aText={Saved screenshot data is not available (VERR_NOT_SUPPORTED)}, preserve=false aResultDetail=0
00:08:35.505345          Saving settings file "C:\Users\irene\VirtualBox VMs\Ubuntu 16.04\Ubuntu 16.04.vbox" with version "1.16-windows"
00:08:36.380246          Saving settings file "C:\Users\irene\VirtualBox VMs\Ubuntu 16.04\Ubuntu 16.04.vbox" with version "1.16-windows"
00:08:37.742243          Saving settings file "C:\Users\irene\.VirtualBox\VirtualBox.xml" with version "1.12-windows"
00:08:37.804748          Saving settings file "C:\Users\irene\.VirtualBox\VirtualBox.xml" with version "1.12-windows"
00:08:43.353123 main     VirtualBox: object deletion starts
00:08:43.356662 main     ERROR [COM]: aRC=VBOX_E_OBJECT_IN_USE (0x80bb000c) aIID={4afe423b-43e0-e9d0-82e8-ceb307940dda} aComponent={MediumWrap} aText={Medium 'C:\Users\irene\VirtualBox VMs\Ubuntu 16.04\Ubuntu 16.04.vdi' cannot be closed because it is still attached to 1 virtual machines}, preserve=false aResultDetail=0
00:08:43.356662 main     ERROR [COM]: aRC=VBOX_E_OBJECT_IN_USE (0x80bb000c) aIID={4afe423b-43e0-e9d0-82e8-ceb307940dda} aComponent={MediumWrap} aText={Medium 'C:\Users\irene\VirtualBox VMs\Kubuntu 16.04\Kubuntu 16.04.vdi' cannot be closed because it is still attached to 1 virtual machines}, preserve=false aResultDetail=0
00:08:43.360590 Watcher  ERROR [COM]: aRC=E_ACCESSDENIED (0x80070005) aIID={9570b9d5-f1a1-448a-10c5-e12f5285adad} aComponent={VirtualBoxWrap} aText={The object is not ready}, preserve=false aResultDetail=0
00:08:43.360590 main     VirtualBox: object deleted
